\BOOKMARK [1][-]{section.1}{\304nderungshistorie}{}% 1
\BOOKMARK [1][-]{section.2}{Einf\374hrung}{}% 2
\BOOKMARK [2][-]{subsection.2.1}{Zweck}{section.2}% 3
\BOOKMARK [2][-]{subsection.2.2}{G\374ltigkeitsbereich}{section.2}% 4
\BOOKMARK [2][-]{subsection.2.3}{Referenzen}{section.2}% 5
\BOOKMARK [1][-]{section.3}{Projekt\374bersicht}{}% 6
\BOOKMARK [2][-]{subsection.3.1}{Zweck und Ziel}{section.3}% 7
\BOOKMARK [2][-]{subsection.3.2}{Prim\344re Features}{section.3}% 8
\BOOKMARK [2][-]{subsection.3.3}{Erweiterte Features}{section.3}% 9
\BOOKMARK [2][-]{subsection.3.4}{Lieferumfang}{section.3}% 10
\BOOKMARK [2][-]{subsection.3.5}{Annahmen und Einschr\344nkungen}{section.3}% 11
\BOOKMARK [1][-]{section.4}{Projektorganisation}{}% 12
\BOOKMARK [2][-]{subsection.4.1}{Organisationsstruktur}{section.4}% 13
\BOOKMARK [2][-]{subsection.4.2}{Externe Schnittstellen}{section.4}% 14
\BOOKMARK [1][-]{section.5}{Managment Abl\344ufe}{}% 15
\BOOKMARK [2][-]{subsection.5.1}{Kostenvoranschlag}{section.5}% 16
\BOOKMARK [2][-]{subsection.5.2}{Sprints}{section.5}% 17
\BOOKMARK [2][-]{subsection.5.3}{Besprechungen}{section.5}% 18
\BOOKMARK [1][-]{section.6}{Risikomanagement}{}% 19
\BOOKMARK [2][-]{subsection.6.1}{Risiken}{section.6}% 20
\BOOKMARK [2][-]{subsection.6.2}{Umgang mit Risiken}{section.6}% 21
\BOOKMARK [1][-]{section.7}{Arbeitspakete}{}% 22
\BOOKMARK [1][-]{section.8}{Infrastruktur}{}% 23
\BOOKMARK [2][-]{subsection.8.1}{Entwicklungsinfrastruktur}{section.8}% 24
\BOOKMARK [2][-]{subsection.8.2}{Tools/Software}{section.8}% 25
\BOOKMARK [2][-]{subsection.8.3}{Kommunikationsmittel}{section.8}% 26
\BOOKMARK [1][-]{section.9}{Qualit\344tsmassnahmen}{}% 27
\BOOKMARK [2][-]{subsection.9.1}{Dokumentation}{section.9}% 28
\BOOKMARK [2][-]{subsection.9.2}{Projektmanagement}{section.9}% 29
\BOOKMARK [2][-]{subsection.9.3}{Entwicklung}{section.9}% 30
\BOOKMARK [3][-]{subsubsection.9.3.1}{Unit Testing / Test-Driven Development}{subsection.9.3}% 31
\BOOKMARK [3][-]{subsubsection.9.3.2}{Code Review}{subsection.9.3}% 32
\BOOKMARK [3][-]{subsubsection.9.3.3}{Code Style Guidelines}{subsection.9.3}% 33
\BOOKMARK [2][-]{subsection.9.4}{Testen}{section.9}% 34
\BOOKMARK [3][-]{subsubsection.9.4.1}{Komponententest}{subsection.9.4}% 35
\BOOKMARK [2][-]{subsection.9.5}{Systemtest}{section.9}% 36
